<?xml version="1.0" encoding="UTF-8"?>
<!-- Generated by org.testng.reporters.JUnitReportReporter -->
<testsuite hostname="MBadillo-EDP-100-327.local" failures="0" tests="1" name="rahulshettyacademy.ExtendReports.ExtentReportDemo" time="7.693" errors="0" timestamp="2023-07-10T11:13:07 PST" skipped="0">
  <testcase classname="rahulshettyacademy.ExtendReports.ExtentReportDemo" name="initialDemo" time="7.693"/>
  <system-out/>
</testsuite> <!-- rahulshettyacademy.ExtendReports.ExtentReportDemo -->
